This is pdfTeX, Version 3.14159265-2.6-1.40.15 (MiKTeX 2.9 64-bit) (preloaded format=pdflatex 2015.2.24)  28 APR 2015 17:40
entering extended mode
**main.tex
(main.tex
LaTeX2e <2014/05/01>
Babel <3.9l> and hyphenation patterns for 68 languages loaded.
(C:\miktex\tex\latex\base\report.cls
Document Class: report 2014/09/29 v1.4h Standard LaTeX document class
(C:\miktex\tex\latex\base\size12.clo
File: size12.clo 2014/09/29 v1.4h Standard LaTeX file (size option)
)
\c@part=\count79
\c@chapter=\count80
\c@section=\count81
\c@subsection=\count82
\c@subsubsection=\count83
\c@paragraph=\count84
\c@subparagraph=\count85
\c@figure=\count86
\c@table=\count87
\abovecaptionskip=\skip41
\belowcaptionskip=\skip42
\bibindent=\dimen102
)
(C:\miktex\tex\latex\geometry\geometry.sty
Package: geometry 2010/09/12 v5.6 Page Geometry

(C:\miktex\tex\latex\graphics\keyval.sty
Package: keyval 2014/10/28 v1.15 key=value parser (DPC)
\KV@toks@=\toks14
)
(C:\miktex\tex\generic\oberdiek\ifpdf.sty
Package: ifpdf 2011/01/30 v2.3 Provides the ifpdf switch (HO)
Package ifpdf Info: pdfTeX in PDF mode is detected.
)
(C:\miktex\tex\generic\oberdiek\ifvtex.sty
Package: ifvtex 2010/03/01 v1.5 Detect VTeX and its facilities (HO)
Package ifvtex Info: VTeX not detected.
)
(C:\miktex\tex\generic\ifxetex\ifxetex.sty
Package: ifxetex 2010/09/12 v0.6 Provides ifxetex conditional
)
\Gm@cnth=\count88
\Gm@cntv=\count89
\c@Gm@tempcnt=\count90
\Gm@bindingoffset=\dimen103
\Gm@wd@mp=\dimen104
\Gm@odd@mp=\dimen105
\Gm@even@mp=\dimen106
\Gm@layoutwidth=\dimen107
\Gm@layoutheight=\dimen108
\Gm@layouthoffset=\dimen109
\Gm@layoutvoffset=\dimen110
\Gm@dimlist=\toks15

(C:\miktex\tex\latex\geometry\geometry.cfg))
(C:\miktex\tex\latex\base\inputenc.sty
Package: inputenc 2014/04/30 v1.2b Input encoding file
\inpenc@prehook=\toks16
\inpenc@posthook=\toks17
 (C:\miktex\tex\latex\base\utf8.def
File: utf8.def 2014/09/29 v1.1m UTF-8 support for inputenc
Now handling font encoding OML ...
... no UTF-8 mapping file for font encoding OML
Now handling font encoding T1 ...
... processing UTF-8 mapping file for font encoding T1

(C:\miktex\tex\latex\base\t1enc.dfu
File: t1enc.dfu 2014/09/29 v1.1m UTF-8 support for inputenc
   defining Unicode char U+00A1 (decimal 161)
   defining Unicode char U+00A3 (decimal 163)
   defining Unicode char U+00AB (decimal 171)
   defining Unicode char U+00BB (decimal 187)
   defining Unicode char U+00BF (decimal 191)
   defining Unicode char U+00C0 (decimal 192)
   defining Unicode char U+00C1 (decimal 193)
   defining Unicode char U+00C2 (decimal 194)
   defining Unicode char U+00C3 (decimal 195)
   defining Unicode char U+00C4 (decimal 196)
   defining Unicode char U+00C5 (decimal 197)
   defining Unicode char U+00C6 (decimal 198)
   defining Unicode char U+00C7 (decimal 199)
   defining Unicode char U+00C8 (decimal 200)
   defining Unicode char U+00C9 (decimal 201)
   defining Unicode char U+00CA (decimal 202)
   defining Unicode char U+00CB (decimal 203)
   defining Unicode char U+00CC (decimal 204)
   defining Unicode char U+00CD (decimal 205)
   defining Unicode char U+00CE (decimal 206)
   defining Unicode char U+00CF (decimal 207)
   defining Unicode char U+00D0 (decimal 208)
   defining Unicode char U+00D1 (decimal 209)
   defining Unicode char U+00D2 (decimal 210)
   defining Unicode char U+00D3 (decimal 211)
   defining Unicode char U+00D4 (decimal 212)
   defining Unicode char U+00D5 (decimal 213)
   defining Unicode char U+00D6 (decimal 214)
   defining Unicode char U+00D8 (decimal 216)
   defining Unicode char U+00D9 (decimal 217)
   defining Unicode char U+00DA (decimal 218)
   defining Unicode char U+00DB (decimal 219)
   defining Unicode char U+00DC (decimal 220)
   defining Unicode char U+00DD (decimal 221)
   defining Unicode char U+00DE (decimal 222)
   defining Unicode char U+00DF (decimal 223)
   defining Unicode char U+00E0 (decimal 224)
   defining Unicode char U+00E1 (decimal 225)
   defining Unicode char U+00E2 (decimal 226)
   defining Unicode char U+00E3 (decimal 227)
   defining Unicode char U+00E4 (decimal 228)
   defining Unicode char U+00E5 (decimal 229)
   defining Unicode char U+00E6 (decimal 230)
   defining Unicode char U+00E7 (decimal 231)
   defining Unicode char U+00E8 (decimal 232)
   defining Unicode char U+00E9 (decimal 233)
   defining Unicode char U+00EA (decimal 234)
   defining Unicode char U+00EB (decimal 235)
   defining Unicode char U+00EC (decimal 236)
   defining Unicode char U+00ED (decimal 237)
   defining Unicode char U+00EE (decimal 238)
   defining Unicode char U+00EF (decimal 239)
   defining Unicode char U+00F0 (decimal 240)
   defining Unicode char U+00F1 (decimal 241)
   defining Unicode char U+00F2 (decimal 242)
   defining Unicode char U+00F3 (decimal 243)
   defining Unicode char U+00F4 (decimal 244)
   defining Unicode char U+00F5 (decimal 245)
   defining Unicode char U+00F6 (decimal 246)
   defining Unicode char U+00F8 (decimal 248)
   defining Unicode char U+00F9 (decimal 249)
   defining Unicode char U+00FA (decimal 250)
   defining Unicode char U+00FB (decimal 251)
   defining Unicode char U+00FC (decimal 252)
   defining Unicode char U+00FD (decimal 253)
   defining Unicode char U+00FE (decimal 254)
   defining Unicode char U+00FF (decimal 255)
   defining Unicode char U+0102 (decimal 258)
   defining Unicode char U+0103 (decimal 259)
   defining Unicode char U+0104 (decimal 260)
   defining Unicode char U+0105 (decimal 261)
   defining Unicode char U+0106 (decimal 262)
   defining Unicode char U+0107 (decimal 263)
   defining Unicode char U+010C (decimal 268)
   defining Unicode char U+010D (decimal 269)
   defining Unicode char U+010E (decimal 270)
   defining Unicode char U+010F (decimal 271)
   defining Unicode char U+0110 (decimal 272)
   defining Unicode char U+0111 (decimal 273)
   defining Unicode char U+0118 (decimal 280)
   defining Unicode char U+0119 (decimal 281)
   defining Unicode char U+011A (decimal 282)
   defining Unicode char U+011B (decimal 283)
   defining Unicode char U+011E (decimal 286)
   defining Unicode char U+011F (decimal 287)
   defining Unicode char U+0130 (decimal 304)
   defining Unicode char U+0131 (decimal 305)
   defining Unicode char U+0132 (decimal 306)
   defining Unicode char U+0133 (decimal 307)
   defining Unicode char U+0139 (decimal 313)
   defining Unicode char U+013A (decimal 314)
   defining Unicode char U+013D (decimal 317)
   defining Unicode char U+013E (decimal 318)
   defining Unicode char U+0141 (decimal 321)
   defining Unicode char U+0142 (decimal 322)
   defining Unicode char U+0143 (decimal 323)
   defining Unicode char U+0144 (decimal 324)
   defining Unicode char U+0147 (decimal 327)
   defining Unicode char U+0148 (decimal 328)
   defining Unicode char U+014A (decimal 330)
   defining Unicode char U+014B (decimal 331)
   defining Unicode char U+0150 (decimal 336)
   defining Unicode char U+0151 (decimal 337)
   defining Unicode char U+0152 (decimal 338)
   defining Unicode char U+0153 (decimal 339)
   defining Unicode char U+0154 (decimal 340)
   defining Unicode char U+0155 (decimal 341)
   defining Unicode char U+0158 (decimal 344)
   defining Unicode char U+0159 (decimal 345)
   defining Unicode char U+015A (decimal 346)
   defining Unicode char U+015B (decimal 347)
   defining Unicode char U+015E (decimal 350)
   defining Unicode char U+015F (decimal 351)
   defining Unicode char U+0160 (decimal 352)
   defining Unicode char U+0161 (decimal 353)
   defining Unicode char U+0162 (decimal 354)
   defining Unicode char U+0163 (decimal 355)
   defining Unicode char U+0164 (decimal 356)
   defining Unicode char U+0165 (decimal 357)
   defining Unicode char U+016E (decimal 366)
   defining Unicode char U+016F (decimal 367)
   defining Unicode char U+0170 (decimal 368)
   defining Unicode char U+0171 (decimal 369)
   defining Unicode char U+0178 (decimal 376)
   defining Unicode char U+0179 (decimal 377)
   defining Unicode char U+017A (decimal 378)
   defining Unicode char U+017B (decimal 379)
   defining Unicode char U+017C (decimal 380)
   defining Unicode char U+017D (decimal 381)
   defining Unicode char U+017E (decimal 382)
   defining Unicode char U+200C (decimal 8204)
   defining Unicode char U+2013 (decimal 8211)
   defining Unicode char U+2014 (decimal 8212)
   defining Unicode char U+2018 (decimal 8216)
   defining Unicode char U+2019 (decimal 8217)
   defining Unicode char U+201A (decimal 8218)
   defining Unicode char U+201C (decimal 8220)
   defining Unicode char U+201D (decimal 8221)
   defining Unicode char U+201E (decimal 8222)
   defining Unicode char U+2030 (decimal 8240)
   defining Unicode char U+2031 (decimal 8241)
   defining Unicode char U+2039 (decimal 8249)
   defining Unicode char U+203A (decimal 8250)
   defining Unicode char U+2423 (decimal 9251)
)
Now handling font encoding OT1 ...
... processing UTF-8 mapping file for font encoding OT1
 (C:\miktex\tex\latex\base\ot1enc.dfu
File: ot1enc.dfu 2014/09/29 v1.1m UTF-8 support for inputenc
   defining Unicode char U+00A1 (decimal 161)
   defining Unicode char U+00A3 (decimal 163)
   defining Unicode char U+00B8 (decimal 184)
   defining Unicode char U+00BF (decimal 191)
   defining Unicode char U+00C5 (decimal 197)
   defining Unicode char U+00C6 (decimal 198)
   defining Unicode char U+00D8 (decimal 216)
   defining Unicode char U+00DF (decimal 223)
   defining Unicode char U+00E6 (decimal 230)
   defining Unicode char U+00EC (decimal 236)
   defining Unicode char U+00ED (decimal 237)
   defining Unicode char U+00EE (decimal 238)
   defining Unicode char U+00EF (decimal 239)
   defining Unicode char U+00F8 (decimal 248)
   defining Unicode char U+0131 (decimal 305)
   defining Unicode char U+0141 (decimal 321)
   defining Unicode char U+0142 (decimal 322)
   defining Unicode char U+0152 (decimal 338)
   defining Unicode char U+0153 (decimal 339)
   defining Unicode char U+2013 (decimal 8211)
   defining Unicode char U+2014 (decimal 8212)
   defining Unicode char U+2018 (decimal 8216)
   defining Unicode char U+2019 (decimal 8217)
   defining Unicode char U+201C (decimal 8220)
   defining Unicode char U+201D (decimal 8221)
)
Now handling font encoding OMS ...
... processing UTF-8 mapping file for font encoding OMS

(C:\miktex\tex\latex\base\omsenc.dfu
File: omsenc.dfu 2014/09/29 v1.1m UTF-8 support for inputenc
   defining Unicode char U+00A7 (decimal 167)
   defining Unicode char U+00B6 (decimal 182)
   defining Unicode char U+00B7 (decimal 183)
   defining Unicode char U+2020 (decimal 8224)
   defining Unicode char U+2021 (decimal 8225)
   defining Unicode char U+2022 (decimal 8226)
)
Now handling font encoding OMX ...
... no UTF-8 mapping file for font encoding OMX
Now handling font encoding U ...
... no UTF-8 mapping file for font encoding U
   defining Unicode char U+00A9 (decimal 169)
   defining Unicode char U+00AA (decimal 170)
   defining Unicode char U+00AE (decimal 174)
   defining Unicode char U+00BA (decimal 186)
   defining Unicode char U+02C6 (decimal 710)
   defining Unicode char U+02DC (decimal 732)
   defining Unicode char U+200C (decimal 8204)
   defining Unicode char U+2026 (decimal 8230)
   defining Unicode char U+2122 (decimal 8482)
   defining Unicode char U+2423 (decimal 9251)
)) (C:\miktex\tex\latex\babel\babel.sty
Package: babel 2014/09/25 3.9l The Babel package

*************************************
* Local config file bblopts.cfg used
*
(C:\miktex\tex\latex\00miktex\bblopts.cfg
File: bblopts.cfg 2006/07/31 v1.0 MiKTeX 'babel' configuration
)
(C:\miktex\tex\latex\babel-slovak\slovak.ldf
Language: slovak 2008/07/06 v3.1a Slovak support from the babel system

(C:\miktex\tex\latex\babel\babel.def
File: babel.def 2014/09/25 3.9l Babel common definitions
\babel@savecnt=\count91
\U@D=\dimen111
)
Package babel Info: Making ^ an active character on input line 123.
Package babel Info: Making " an active character on input line 126.
Package babel Info: Making ' an active character on input line 129.
\cs@wordlen=\count92
Package babel Info: Making - an active character on input line 294.
))
(C:\miktex\tex\latex\graphics\epsfig.sty
Package: epsfig 1999/02/16 v1.7a (e)psfig emulation (SPQR)

(C:\miktex\tex\latex\graphics\graphicx.sty
Package: graphicx 2014/10/28 v1.0g Enhanced LaTeX Graphics (DPC,SPQR)

(C:\miktex\tex\latex\graphics\graphics.sty
Package: graphics 2014/10/28 v1.0p Standard LaTeX Graphics (DPC,SPQR)

(C:\miktex\tex\latex\graphics\trig.sty
Package: trig 1999/03/16 v1.09 sin cos tan (DPC)
)
(C:\miktex\tex\latex\00miktex\graphics.cfg
File: graphics.cfg 2007/01/18 v1.5 graphics configuration of teTeX/TeXLive
)
Package graphics Info: Driver file: pdftex.def on input line 91.

(C:\miktex\tex\latex\pdftex-def\pdftex.def
File: pdftex.def 2011/05/27 v0.06d Graphics/color for pdfTeX

(C:\miktex\tex\generic\oberdiek\infwarerr.sty
Package: infwarerr 2010/04/08 v1.3 Providing info/warning/error messages (HO)
)
(C:\miktex\tex\generic\oberdiek\ltxcmds.sty
Package: ltxcmds 2011/11/09 v1.22 LaTeX kernel commands for general use (HO)
)
\Gread@gobject=\count93
))
\Gin@req@height=\dimen112
\Gin@req@width=\dimen113
)
\epsfxsize=\dimen114
\epsfysize=\dimen115
)
(C:\miktex\tex\latex\graphics\color.sty
Package: color 2014/10/28 v1.1a Standard LaTeX Color (DPC)
 (C:\miktex\tex\latex\00miktex\color.cfg
File: color.cfg 2007/01/18 v1.5 color configuration of teTeX/TeXLive
)
Package color Info: Driver file: pdftex.def on input line 137.
) (C:\miktex\tex\latex\url\url.sty
\Urlmuskip=\muskip10
Package: url 2013/09/16  ver 3.4  Verb mode for urls, etc.
) (C:\miktex\tex\latex\amsmath\amsmath.sty
Package: amsmath 2013/01/14 v2.14 AMS math features
\@mathmargin=\skip43

For additional information on amsmath, use the `?' option.
(C:\miktex\tex\latex\amsmath\amstext.sty
Package: amstext 2000/06/29 v2.01

(C:\miktex\tex\latex\amsmath\amsgen.sty
File: amsgen.sty 1999/11/30 v2.0
\@emptytoks=\toks18
\ex@=\dimen116
))
(C:\miktex\tex\latex\amsmath\amsbsy.sty
Package: amsbsy 1999/11/29 v1.2d
\pmbraise@=\dimen117
)
(C:\miktex\tex\latex\amsmath\amsopn.sty
Package: amsopn 1999/12/14 v2.01 operator names
)
\inf@bad=\count94
LaTeX Info: Redefining \frac on input line 210.
\uproot@=\count95
\leftroot@=\count96
LaTeX Info: Redefining \overline on input line 306.
\classnum@=\count97
\DOTSCASE@=\count98
LaTeX Info: Redefining \ldots on input line 378.
LaTeX Info: Redefining \dots on input line 381.
LaTeX Info: Redefining \cdots on input line 466.
\Mathstrutbox@=\box26
\strutbox@=\box27
\big@size=\dimen118
LaTeX Font Info:    Redeclaring font encoding OML on input line 566.
LaTeX Font Info:    Redeclaring font encoding OMS on input line 567.
\macc@depth=\count99
\c@MaxMatrixCols=\count100
\dotsspace@=\muskip11
\c@parentequation=\count101
\dspbrk@lvl=\count102
\tag@help=\toks19
\row@=\count103
\column@=\count104
\maxfields@=\count105
\andhelp@=\toks20
\eqnshift@=\dimen119
\alignsep@=\dimen120
\tagshift@=\dimen121
\tagwidth@=\dimen122
\totwidth@=\dimen123
\lineht@=\dimen124
\@envbody=\toks21
\multlinegap=\skip44
\multlinetaggap=\skip45
\mathdisplay@stack=\toks22
LaTeX Info: Redefining \[ on input line 2665.
LaTeX Info: Redefining \] on input line 2666.
)
(C:\miktex\tex\latex\amsfonts\amsfonts.sty
Package: amsfonts 2013/01/14 v3.01 Basic AMSFonts support
\symAMSa=\mathgroup4
\symAMSb=\mathgroup5
LaTeX Font Info:    Overwriting math alphabet `\mathfrak' in version `bold'
(Font)                  U/euf/m/n --> U/euf/b/n on input line 106.
)
(C:\miktex\tex\latex\amsfonts\amssymb.sty
Package: amssymb 2013/01/14 v3.01 AMS font symbols
)
("C:\Program Files\MiKTeX 2.9\tex\latex\mathtools\mathtools.sty"
Package: mathtools 2014/07/16 v1.15 mathematical typesetting tools

(C:\miktex\tex\latex\tools\calc.sty
Package: calc 2014/10/28 v4.3 Infix arithmetic (KKT,FJ)
\calc@Acount=\count106
\calc@Bcount=\count107
\calc@Adimen=\dimen125
\calc@Bdimen=\dimen126
\calc@Askip=\skip46
\calc@Bskip=\skip47
LaTeX Info: Redefining \setlength on input line 75.
LaTeX Info: Redefining \addtolength on input line 76.
\calc@Ccount=\count108
\calc@Cskip=\skip48
)
("C:\Program Files\MiKTeX 2.9\tex\latex\mathtools\mhsetup.sty"
Package: mhsetup 2010/01/21 v1.2a programming setup (MH)
)
LaTeX Info: Thecontrolsequence`\['isalreadyrobust on input line 129.
LaTeX Info: Thecontrolsequence`\]'isalreadyrobust on input line 129.
\g_MT_multlinerow_int=\count109
\l_MT_multwidth_dim=\dimen127
\origjot=\skip49
\l_MT_shortvdotswithinadjustabove_dim=\dimen128
\l_MT_shortvdotswithinadjustbelow_dim=\dimen129
\l_MT_above_intertext_sep=\dimen130
\l_MT_below_intertext_sep=\dimen131
\l_MT_above_shortintertext_sep=\dimen132
\l_MT_below_shortintertext_sep=\dimen133
)
(C:\miktex\tex\latex\listings\listings.sty
\lst@mode=\count110
\lst@gtempboxa=\box28
\lst@token=\toks23
\lst@length=\count111
\lst@currlwidth=\dimen134
\lst@column=\count112
\lst@pos=\count113
\lst@lostspace=\dimen135
\lst@width=\dimen136
\lst@newlines=\count114
\lst@lineno=\count115
\lst@maxwidth=\dimen137

(C:\miktex\tex\latex\listings\lstmisc.sty
File: lstmisc.sty 2014/09/06 1.5e (Carsten Heinz)
\c@lstnumber=\count116
\lst@skipnumbers=\count117
\lst@framebox=\box29
)
(C:\miktex\tex\latex\listings\listings.cfg
File: listings.cfg 2014/09/06 1.5e listings configuration
))
Package: listings 2014/09/06 1.5e (Carsten Heinz)

(C:\miktex\tex\latex\algorithmicx\algpseudocode.sty
Package: algpseudocode 

(C:\miktex\tex\latex\base\ifthen.sty
Package: ifthen 2014/09/29 v1.1c Standard LaTeX ifthen package (DPC)
)
(C:\miktex\tex\latex\algorithmicx\algorithmicx.sty
Package: algorithmicx 2005/04/27 v1.2 Algorithmicx

Document Style algorithmicx 1.2 - a greatly improved `algorithmic' style
\c@ALG@line=\count118
\c@ALG@rem=\count119
\c@ALG@nested=\count120
\ALG@tlm=\skip50
\ALG@thistlm=\skip51
\c@ALG@Lnr=\count121
\c@ALG@blocknr=\count122
\c@ALG@storecount=\count123
\c@ALG@tmpcounter=\count124
\ALG@tmplength=\skip52
)
Document Style - pseudocode environments for use with the `algorithmicx' style
) (C:\miktex\tex\latex\algorithms\algorithm.sty
Package: algorithm 2009/08/24 v0.1 Document Style `algorithm' - floating enviro
nment

(C:\miktex\tex\latex\float\float.sty
Package: float 2001/11/08 v1.3d Float enhancements (AL)
\c@float@type=\count125
\float@exts=\toks24
\float@box=\box30
\@float@everytoks=\toks25
\@floatcapt=\box31
)
\@float@every@algorithm=\toks26
\c@algorithm=\count126
) (C:\miktex\tex\latex\program\program.sty
\@gtempa=\dimen138
\@gtempa=\dimen139
\@gtempa=\dimen140
\@gtempa=\dimen141
\@gtempa=\dimen142
\@gtempa=\dimen143
\@gtempa=\dimen144
\@gtempa=\dimen145
\@gtempa=\dimen146
\@gtempa=\dimen147
\@gtempa=\dimen148
\@gtempa=\dimen149
\@gtempa=\dimen150
\@gtempa=\dimen151
\@gtempa=\dimen152
\@gtempa=\dimen153
\@gtempa=\dimen154
\@gtempa=\dimen155
\@gtempa=\dimen156
\@gtempa=\dimen157
\@gtempa=\dimen158
\@gtempa=\dimen159
\@gtempa=\dimen160
\@gtempa=\dimen161
\@gtempa=\dimen162
\@gtempa=\dimen163
\@gtempa=\dimen164
\@gtempa=\dimen165
\@gtempa=\dimen166
\@gtempa=\dimen167
\@gtempa=\dimen168
\@gtempa=\dimen169
\@gtempa=\dimen170
\@gtempa=\dimen171
\@gtempa=\dimen172
\@gtempa=\dimen173
\@gtempa=\dimen174
\@gtempa=\dimen175
\@gtempa=\dimen176
\@gtempa=\dimen177
\@gtempa=\dimen178
\@gtempa=\dimen179
\@gtempa=\dimen180
\@gtempa=\dimen181
\@gtempa=\dimen182
\@gtempa=\dimen183
\@gtempa=\dimen184
\@gtempa=\dimen185
\@gtempa=\dimen186
\@gtempa=\dimen187
\c@programline=\count127
\old@nxttabmar=\count128
\symeulerletters=\mathgroup6
\powersetbox=\box32
LaTeX Font Info:    Try loading font information for U+msa on input line 839.
(C:\miktex\tex\latex\amsfonts\umsa.fd
File: umsa.fd 2013/01/14 v3.01 AMS symbols A
)
LaTeX Font Info:    Try loading font information for U+msb on input line 839.
 (C:\miktex\tex\latex\amsfonts\umsb.fd
File: umsb.fd 2013/01/14 v3.01 AMS symbols B
)
LaTeX Font Info:    Try loading font information for U+eur on input line 839.

(C:\miktex\tex\latex\amsfonts\ueur.fd
File: ueur.fd 2013/01/14 v3.01 Euler Roman
)) (C:\miktex\tex\latex\tools\multicol.sty
Package: multicol 2014/10/28 v1.8i multicolumn formatting (FMi)
\c@tracingmulticols=\count129
\mult@box=\box33
\multicol@leftmargin=\dimen188
\c@unbalance=\count130
\c@collectmore=\count131
\doublecol@number=\count132
\multicoltolerance=\count133
\multicolpretolerance=\count134
\full@width=\dimen189
\page@free=\dimen190
\premulticols=\dimen191
\postmulticols=\dimen192
\multicolsep=\skip53
\multicolbaselineskip=\skip54
\partial@page=\box34
\last@line=\box35
\maxbalancingoverflow=\dimen193
\mult@rightbox=\box36
\mult@grightbox=\box37
\mult@gfirstbox=\box38
\mult@firstbox=\box39
\@tempa=\box40
\@tempa=\box41
\@tempa=\box42
\@tempa=\box43
\@tempa=\box44
\@tempa=\box45
\@tempa=\box46
\@tempa=\box47
\@tempa=\box48
\@tempa=\box49
\@tempa=\box50
\@tempa=\box51
\@tempa=\box52
\@tempa=\box53
\@tempa=\box54
\@tempa=\box55
\@tempa=\box56
\c@columnbadness=\count135
\c@finalcolumnbadness=\count136
\last@try=\dimen194
\multicolovershoot=\dimen195
\multicolundershoot=\dimen196
\mult@nat@firstbox=\box57
\colbreak@box=\box58
\mc@col@check@num=\count137
) (C:\miktex\tex\latex\framed\framed.sty
Package: framed 2011/10/22 v 0.96: framed or shaded text with page breaks
\OuterFrameSep=\skip55
\fb@frw=\dimen197
\fb@frh=\dimen198
\FrameRule=\dimen199
\FrameSep=\dimen200
)
(C:\miktex\tex\latex\titlesec\titlesec.sty
Package: titlesec 2011/12/15 v2.10.0 Sectioning titles
\ttl@box=\box59
\beforetitleunit=\skip56
\aftertitleunit=\skip57
\ttl@plus=\dimen201
\ttl@minus=\dimen202
\ttl@toksa=\toks27
\titlewidth=\dimen203
\titlewidthlast=\dimen204
\titlewidthfirst=\dimen205
)
(C:\miktex\tex\latex\subfig\subfig.sty
Package: subfig 2005/06/28 ver: 1.3 subfig package
 (C:\miktex\tex\latex\caption\caption.sty
Package: caption 2013/05/02 v3.3-89 Customizing captions (AR)
(C:\miktex\tex\latex\caption\caption3.sty
Package: caption3 2013/05/02 v1.6-88 caption3 kernel (AR)
Package caption3 Info: TeX engine: e-TeX on input line 57.
\captionmargin=\dimen206
\captionmargin@=\dimen207
\captionwidth=\dimen208
\caption@tempdima=\dimen209
\caption@indent=\dimen210
\caption@parindent=\dimen211
\caption@hangindent=\dimen212
)
\c@ContinuedFloat=\count138
Package caption Info: float package is loaded.
Package caption Info: listings package is loaded.
)
\c@KVtest=\count139
\sf@farskip=\skip58
\sf@captopadj=\dimen213
\sf@capskip=\skip59
\sf@nearskip=\skip60
\c@subfigure=\count140
\c@subfigure@save=\count141
\c@lofdepth=\count142
\c@subtable=\count143
\c@subtable@save=\count144
\c@lotdepth=\count145
\sf@top=\skip61
\sf@bottom=\skip62
)
(C:\miktex\tex\latex\base\textcomp.sty
Package: textcomp 2005/09/27 v1.99g Standard LaTeX package
Package textcomp Info: Sub-encoding information:
(textcomp)               5 = only ISO-Adobe without \textcurrency
(textcomp)               4 = 5 + \texteuro
(textcomp)               3 = 4 + \textohm
(textcomp)               2 = 3 + \textestimated + \textcurrency
(textcomp)               1 = TS1 - \textcircled - \t
(textcomp)               0 = TS1 (full)
(textcomp)             Font families with sub-encoding setting implement
(textcomp)             only a restricted character set as indicated.
(textcomp)             Family '?' is the default used for unknown fonts.
(textcomp)             See the documentation for details.
Package textcomp Info: Setting ? sub-encoding to TS1/1 on input line 71.
 (C:\miktex\tex\latex\base\ts1enc.def
File: ts1enc.def 2001/06/05 v3.0e (jk/car/fm) Standard LaTeX file
Now handling font encoding TS1 ...
... processing UTF-8 mapping file for font encoding TS1

(C:\miktex\tex\latex\base\ts1enc.dfu
File: ts1enc.dfu 2014/09/29 v1.1m UTF-8 support for inputenc
   defining Unicode char U+00A2 (decimal 162)
   defining Unicode char U+00A3 (decimal 163)
   defining Unicode char U+00A4 (decimal 164)
   defining Unicode char U+00A5 (decimal 165)
   defining Unicode char U+00A6 (decimal 166)
   defining Unicode char U+00A7 (decimal 167)
   defining Unicode char U+00A8 (decimal 168)
   defining Unicode char U+00A9 (decimal 169)
   defining Unicode char U+00AA (decimal 170)
   defining Unicode char U+00AC (decimal 172)
   defining Unicode char U+00AE (decimal 174)
   defining Unicode char U+00AF (decimal 175)
   defining Unicode char U+00B0 (decimal 176)
   defining Unicode char U+00B1 (decimal 177)
   defining Unicode char U+00B2 (decimal 178)
   defining Unicode char U+00B3 (decimal 179)
   defining Unicode char U+00B4 (decimal 180)
   defining Unicode char U+00B5 (decimal 181)
   defining Unicode char U+00B6 (decimal 182)
   defining Unicode char U+00B7 (decimal 183)
   defining Unicode char U+00B9 (decimal 185)
   defining Unicode char U+00BA (decimal 186)
   defining Unicode char U+00BC (decimal 188)
   defining Unicode char U+00BD (decimal 189)
   defining Unicode char U+00BE (decimal 190)
   defining Unicode char U+00D7 (decimal 215)
   defining Unicode char U+00F7 (decimal 247)
   defining Unicode char U+0192 (decimal 402)
   defining Unicode char U+02C7 (decimal 711)
   defining Unicode char U+02D8 (decimal 728)
   defining Unicode char U+02DD (decimal 733)
   defining Unicode char U+0E3F (decimal 3647)
   defining Unicode char U+2016 (decimal 8214)
   defining Unicode char U+2020 (decimal 8224)
   defining Unicode char U+2021 (decimal 8225)
   defining Unicode char U+2022 (decimal 8226)
   defining Unicode char U+2030 (decimal 8240)
   defining Unicode char U+2031 (decimal 8241)
   defining Unicode char U+203B (decimal 8251)
   defining Unicode char U+203D (decimal 8253)
   defining Unicode char U+2044 (decimal 8260)
   defining Unicode char U+204E (decimal 8270)
   defining Unicode char U+2052 (decimal 8274)
   defining Unicode char U+20A1 (decimal 8353)
   defining Unicode char U+20A4 (decimal 8356)
   defining Unicode char U+20A6 (decimal 8358)
   defining Unicode char U+20A9 (decimal 8361)
   defining Unicode char U+20AB (decimal 8363)
   defining Unicode char U+20AC (decimal 8364)
   defining Unicode char U+20B1 (decimal 8369)
   defining Unicode char U+2103 (decimal 8451)
   defining Unicode char U+2116 (decimal 8470)
   defining Unicode char U+2117 (decimal 8471)
   defining Unicode char U+211E (decimal 8478)
   defining Unicode char U+2120 (decimal 8480)
   defining Unicode char U+2122 (decimal 8482)
   defining Unicode char U+2126 (decimal 8486)
   defining Unicode char U+2127 (decimal 8487)
   defining Unicode char U+212E (decimal 8494)
   defining Unicode char U+2190 (decimal 8592)
   defining Unicode char U+2191 (decimal 8593)
   defining Unicode char U+2192 (decimal 8594)
   defining Unicode char U+2193 (decimal 8595)
   defining Unicode char U+2329 (decimal 9001)
   defining Unicode char U+232A (decimal 9002)
   defining Unicode char U+2422 (decimal 9250)
   defining Unicode char U+25E6 (decimal 9702)
   defining Unicode char U+25EF (decimal 9711)
   defining Unicode char U+266A (decimal 9834)
))
LaTeX Info: Redefining \oldstylenums on input line 266.
Package textcomp Info: Setting cmr sub-encoding to TS1/0 on input line 281.
Package textcomp Info: Setting cmss sub-encoding to TS1/0 on input line 282.
Package textcomp Info: Setting cmtt sub-encoding to TS1/0 on input line 283.
Package textcomp Info: Setting cmvtt sub-encoding to TS1/0 on input line 284.
Package textcomp Info: Setting cmbr sub-encoding to TS1/0 on input line 285.
Package textcomp Info: Setting cmtl sub-encoding to TS1/0 on input line 286.
Package textcomp Info: Setting ccr sub-encoding to TS1/0 on input line 287.
Package textcomp Info: Setting ptm sub-encoding to TS1/4 on input line 288.
Package textcomp Info: Setting pcr sub-encoding to TS1/4 on input line 289.
Package textcomp Info: Setting phv sub-encoding to TS1/4 on input line 290.
Package textcomp Info: Setting ppl sub-encoding to TS1/3 on input line 291.
Package textcomp Info: Setting pag sub-encoding to TS1/4 on input line 292.
Package textcomp Info: Setting pbk sub-encoding to TS1/4 on input line 293.
Package textcomp Info: Setting pnc sub-encoding to TS1/4 on input line 294.
Package textcomp Info: Setting pzc sub-encoding to TS1/4 on input line 295.
Package textcomp Info: Setting bch sub-encoding to TS1/4 on input line 296.
Package textcomp Info: Setting put sub-encoding to TS1/5 on input line 297.
Package textcomp Info: Setting uag sub-encoding to TS1/5 on input line 298.
Package textcomp Info: Setting ugq sub-encoding to TS1/5 on input line 299.
Package textcomp Info: Setting ul8 sub-encoding to TS1/4 on input line 300.
Package textcomp Info: Setting ul9 sub-encoding to TS1/4 on input line 301.
Package textcomp Info: Setting augie sub-encoding to TS1/5 on input line 302.
Package textcomp Info: Setting dayrom sub-encoding to TS1/3 on input line 303.
Package textcomp Info: Setting dayroms sub-encoding to TS1/3 on input line 304.

Package textcomp Info: Setting pxr sub-encoding to TS1/0 on input line 305.
Package textcomp Info: Setting pxss sub-encoding to TS1/0 on input line 306.
Package textcomp Info: Setting pxtt sub-encoding to TS1/0 on input line 307.
Package textcomp Info: Setting txr sub-encoding to TS1/0 on input line 308.
Package textcomp Info: Setting txss sub-encoding to TS1/0 on input line 309.
Package textcomp Info: Setting txtt sub-encoding to TS1/0 on input line 310.
Package textcomp Info: Setting lmr sub-encoding to TS1/0 on input line 311.
Package textcomp Info: Setting lmdh sub-encoding to TS1/0 on input line 312.
Package textcomp Info: Setting lmss sub-encoding to TS1/0 on input line 313.
Package textcomp Info: Setting lmssq sub-encoding to TS1/0 on input line 314.
Package textcomp Info: Setting lmvtt sub-encoding to TS1/0 on input line 315.
Package textcomp Info: Setting qhv sub-encoding to TS1/0 on input line 316.
Package textcomp Info: Setting qag sub-encoding to TS1/0 on input line 317.
Package textcomp Info: Setting qbk sub-encoding to TS1/0 on input line 318.
Package textcomp Info: Setting qcr sub-encoding to TS1/0 on input line 319.
Package textcomp Info: Setting qcs sub-encoding to TS1/0 on input line 320.
Package textcomp Info: Setting qpl sub-encoding to TS1/0 on input line 321.
Package textcomp Info: Setting qtm sub-encoding to TS1/0 on input line 322.
Package textcomp Info: Setting qzc sub-encoding to TS1/0 on input line 323.
Package textcomp Info: Setting qhvc sub-encoding to TS1/0 on input line 324.
Package textcomp Info: Setting futs sub-encoding to TS1/4 on input line 325.
Package textcomp Info: Setting futx sub-encoding to TS1/4 on input line 326.
Package textcomp Info: Setting futj sub-encoding to TS1/4 on input line 327.
Package textcomp Info: Setting hlh sub-encoding to TS1/3 on input line 328.
Package textcomp Info: Setting hls sub-encoding to TS1/3 on input line 329.
Package textcomp Info: Setting hlst sub-encoding to TS1/3 on input line 330.
Package textcomp Info: Setting hlct sub-encoding to TS1/5 on input line 331.
Package textcomp Info: Setting hlx sub-encoding to TS1/5 on input line 332.
Package textcomp Info: Setting hlce sub-encoding to TS1/5 on input line 333.
Package textcomp Info: Setting hlcn sub-encoding to TS1/5 on input line 334.
Package textcomp Info: Setting hlcw sub-encoding to TS1/5 on input line 335.
Package textcomp Info: Setting hlcf sub-encoding to TS1/5 on input line 336.
Package textcomp Info: Setting pplx sub-encoding to TS1/3 on input line 337.
Package textcomp Info: Setting pplj sub-encoding to TS1/3 on input line 338.
Package textcomp Info: Setting ptmx sub-encoding to TS1/4 on input line 339.
Package textcomp Info: Setting ptmj sub-encoding to TS1/4 on input line 340.
)
(C:\miktex\tex\latex\amsfonts\euscript.sty
Package: euscript 2009/06/22 v3.00 Euler Script fonts
LaTeX Font Info:    Overwriting math alphabet `\EuScript' in version `bold'
(Font)                  U/eus/m/n --> U/eus/b/n on input line 33.
)
(C:\miktex\tex\latex\rotating\rotating.sty
Package: rotating 2009/03/28 v2.16a rotated objects in LaTeX
\c@r@tfl@t=\count146
\rotFPtop=\skip63
\rotFPbot=\skip64
\rot@float@box=\box60
\rot@mess@toks=\toks28
)
(C:\miktex\tex\latex\setspace\setspace.sty
Package: setspace 2011/12/19 v6.7a set line spacing
)
(C:\miktex\tex\latex\xcolor\xcolor.sty
Package: xcolor 2007/01/21 v2.11 LaTeX color extensions (UK)
 (C:\miktex\tex\latex\00miktex\color.cfg
File: color.cfg 2007/01/18 v1.5 color configuration of teTeX/TeXLive
)
Package xcolor Info: Driver file: pdftex.def on input line 225.
(C:\miktex\tex\latex\colortbl\colortbl.sty
Package: colortbl 2012/02/13 v1.0a Color table columns (DPC)
 (C:\miktex\tex\latex\tools\array.sty
Package: array 2014/10/28 v2.4c Tabular extension package (FMi)
\col@sep=\dimen214
\extrarowheight=\dimen215
\NC@list=\toks29
\extratabsurround=\skip65
\backup@length=\skip66
)
\everycr=\toks30
\minrowclearance=\skip67
)
LaTeX Info: Redefining \color on input line 702.
\rownum=\count147
Package xcolor Info: Model `cmy' substituted by `cmy0' on input line 1337.
Package xcolor Info: Model `hsb' substituted by `rgb' on input line 1341.
Package xcolor Info: Model `RGB' extended on input line 1353.
Package xcolor Info: Model `HTML' substituted by `rgb' on input line 1355.
Package xcolor Info: Model `Hsb' substituted by `hsb' on input line 1356.
Package xcolor Info: Model `tHsb' substituted by `hsb' on input line 1357.
Package xcolor Info: Model `HSB' substituted by `hsb' on input line 1358.
Package xcolor Info: Model `Gray' substituted by `gray' on input line 1359.
Package xcolor Info: Model `wave' substituted by `hsb' on input line 1360.
) (C:\miktex\tex\latex\easylist\easylist.sty
Package: easylist 2014/01/11 v.1.4 Numbered items with a single command.
\el@CounterTotal=\count148
\el@Scratch=\count149
\el@ControlCounter=\count150
\el@CounterLevel=\count151
\c@List1=\count152
\c@List2=\count153
\c@List3=\count154
\c@List4=\count155
\c@List5=\count156
\c@List6=\count157
\c@List7=\count158
\c@List8=\count159
\c@List9=\count160
\c@List10=\count161
\c@List11=\count162
\c@List12=\count163
\c@List13=\count164
\c@List14=\count165
\c@List15=\count166
\c@List16=\count167
\c@List17=\count168
\c@List18=\count169
\c@List19=\count170
\c@List20=\count171
\c@List21=\count172
\c@List22=\count173
\c@List23=\count174
\c@List24=\count175
\c@List25=\count176
\c@List26=\count177
\c@List27=\count178
\c@List28=\count179
\c@List29=\count180
\c@List30=\count181
\c@List31=\count182
\c@List32=\count183
\c@List33=\count184
\c@List34=\count185
\c@List35=\count186
\c@List36=\count187
\c@List37=\count188
\c@List38=\count189
\c@List39=\count190
\c@List40=\count191
\c@List41=\count192
\c@List42=\count193
\c@List43=\count194
\c@List44=\count195
\c@List45=\count196
\c@List46=\count197
\c@List47=\count198
\c@List48=\count199
\c@List49=\count200
\c@List50=\count201
\el@ProgressiveDimension=\dimen216
\el@CounterBox=\box61
\el@ControlBox=\box62
\el@TotalMargin=\dimen217
\el@LeftMove=\dimen218
)
(C:\miktex\tex\latex\enumitem\enumitem.sty
Package: enumitem 2011/09/28 v3.5.2 Customized lists
\labelindent=\skip68
\enit@outerparindent=\dimen219
\enit@toks=\toks31
\enit@inbox=\box63
\enitdp@description=\count202
)
(C:\miktex\tex\latex\psnfss\courier.sty
Package: courier 2005/04/12 PSNFSS-v9.2a (WaS) 
)
(C:\miktex\tex\latex\inconsolata\inconsolata.sty
Package: inconsolata 2014/06/22 v1.05

`inconsolata-zi4' v1.05, 2014/06/22 Text macros for Inconsolata (msharpe)
\zifour@ocount=\count203
)
(C:\miktex\tex\latex\pdfpages\pdfpages.sty
Package: pdfpages 2013/08/25 v0.4v Insert pages of external PDF documents (AM)

(C:\miktex\tex\latex\eso-pic\eso-pic.sty
Package: eso-pic 2013/10/06 v2.0d eso-pic (RN)

(C:\miktex\tex\generic\oberdiek\atbegshi.sty
Package: atbegshi 2011/10/05 v1.16 At begin shipout hook (HO)
))
(C:\miktex\tex\latex\pdfpages\pppdftex.def
File: pppdftex.def 2013/08/25 v0.4v Pdfpages driver for pdfTeX (AM)
)
\AM@pagebox=\box64
\AM@toc@title=\toks32
\c@AM@survey=\count204
\AM@templatesizebox=\box65
) (main.aux)
LaTeX Font Info:    Checking defaults for OML/cmm/m/it on input line 99.
LaTeX Font Info:    ... okay on input line 99.
LaTeX Font Info:    Checking defaults for T1/cmr/m/n on input line 99.
LaTeX Font Info:    ... okay on input line 99.
LaTeX Font Info:    Checking defaults for OT1/cmr/m/n on input line 99.
LaTeX Font Info:    ... okay on input line 99.
LaTeX Font Info:    Checking defaults for OMS/cmsy/m/n on input line 99.
LaTeX Font Info:    ... okay on input line 99.
LaTeX Font Info:    Checking defaults for OMX/cmex/m/n on input line 99.
LaTeX Font Info:    ... okay on input line 99.
LaTeX Font Info:    Checking defaults for U/cmr/m/n on input line 99.
LaTeX Font Info:    ... okay on input line 99.
LaTeX Font Info:    Checking defaults for TS1/cmr/m/n on input line 99.
LaTeX Font Info:    Try loading font information for TS1+cmr on input line 99.

(C:\miktex\tex\latex\base\ts1cmr.fd
File: ts1cmr.fd 2014/09/29 v2.5h Standard LaTeX font definitions
)
LaTeX Font Info:    ... okay on input line 99.

*geometry* driver: auto-detecting
*geometry* detected driver: pdftex
*geometry* verbose mode - [ preamble ] result:
* driver: pdftex
* paper: <default>
* layout: <same size as paper>
* layoutoffset:(h,v)=(0.0pt,0.0pt)
* modes: 
* h-part:(L,W,R)=(99.58464pt, 457.80486pt, 56.9055pt)
* v-part:(T,H,B)=(71.13188pt, 652.70622pt, 71.13188pt)
* \paperwidth=614.295pt
* \paperheight=794.96999pt
* \textwidth=457.80486pt
* \textheight=652.70622pt
* \oddsidemargin=27.31465pt
* \evensidemargin=27.31465pt
* \topmargin=-38.1381pt
* \headheight=12.0pt
* \headsep=25.0pt
* \topskip=12.0pt
* \footskip=30.0pt
* \marginparwidth=44.0pt
* \marginparsep=10.0pt
* \columnsep=10.0pt
* \skip\footins=10.8pt plus 4.0pt minus 2.0pt
* \hoffset=0.0pt
* \voffset=0.0pt
* \mag=1000
* \@twocolumnfalse
* \@twosidefalse
* \@mparswitchfalse
* \@reversemarginfalse
* (1in=72.27pt=25.4mm, 1cm=28.453pt)

(C:\miktex\tex\context\base\supp-pdf.mkii
[Loading MPS to PDF converter (version 2006.09.02).]
\scratchcounter=\count205
\scratchdimen=\dimen220
\scratchbox=\box66
\nofMPsegments=\count206
\nofMParguments=\count207
\everyMPshowfont=\toks33
\MPscratchCnt=\count208
\MPscratchDim=\dimen221
\MPnumerator=\count209
\makeMPintoPDFobject=\count210
\everyMPtoPDFconversion=\toks34
)
\c@lstlisting=\count211
Package caption Info: Begin \AtBeginDocument code.
Package caption Info: subfig package v1.3 is loaded.
Package caption Info: rotating package is loaded.
Package caption Info: End \AtBeginDocument code.
 (C:\miktex\tex\latex\upquote\upquote.sty
Package: upquote 2012/04/19 v1.3 upright-quote and grave-accent glyphs in verba
tim
)
\AtBeginShipoutBox=\box67
 (obal.tex
<komlogo-new.pdf, id=1, 452.69125pt x 452.69125pt>
File: komlogo-new.pdf Graphic file (type pdf)
 <use komlogo-new.pdf>
Package pdftex.def Info: komlogo-new.pdf used on input line 3.
(pdftex.def)             Requested size: 82.40305pt x 82.3996pt.

Overfull \hbox (20.23589pt too wide) in paragraph at lines 2--12
[]$[]$ $[]$ 
 []

[1

{C:/Users/marekru/AppData/Local/MiKTeX/2.9/pdftex/config/pdftex.map} <./komlogo
-new.pdf>]) (titulna_strana.tex
File: komlogo-new.pdf Graphic file (type pdf)
 <use komlogo-new.pdf>
Package pdftex.def Info: komlogo-new.pdf used on input line 3.
(pdftex.def)             Requested size: 82.40305pt x 82.3996pt.

Overfull \hbox (20.23589pt too wide) in paragraph at lines 2--12
[]$[]$ $[]$ 
 []

[1])
*geometry* verbose mode - [ newgeometry ] result:
* driver: pdftex
* paper: <default>
* layout: <same size as paper>
* layoutoffset:(h,v)=(0.0pt,0.0pt)
* modes: 
* h-part:(L,W,R)=(92.14519pt, 430.00462pt, 92.14519pt)
* v-part:(T,H,B)=(8.5359pt, 786.43408pt, 0.0pt)
* \paperwidth=614.295pt
* \paperheight=794.96999pt
* \textwidth=430.00462pt
* \textheight=786.43408pt
* \oddsidemargin=19.8752pt
* \evensidemargin=19.8752pt
* \topmargin=-100.73409pt
* \headheight=12.0pt
* \headsep=25.0pt
* \topskip=12.0pt
* \footskip=30.0pt
* \marginparwidth=44.0pt
* \marginparsep=10.0pt
* \columnsep=10.0pt
* \skip\footins=10.8pt plus 4.0pt minus 2.0pt
* \hoffset=0.0pt
* \voffset=0.0pt
* \mag=1000
* \@twocolumnfalse
* \@twosidefalse
* \@mparswitchfalse
* \@reversemarginfalse
* (1in=72.27pt=25.4mm, 1cm=28.453pt)

 <zadanie.jpg, id=14, 609.2361pt x 844.8363pt>
File: zadanie.jpg Graphic file (type jpg)
 <use zadanie.jpg>
Package pdftex.def Info: zadanie.jpg used on input line 110.
(pdftex.def)             Requested size: 560.0pt x 776.61429pt.
 [1

 <./zadanie.jpg>] (prehlasenie.tex) [2

] (podakovanie.tex [3]) (abstrakt.tex
Underfull \hbox (badness 10000) in paragraph at lines 2--4

 []


Underfull \hbox (badness 10000) in paragraph at lines 5--6

 []

) [1] (abstractEng.tex
Underfull \hbox (badness 10000) in paragraph at lines 3--5

 []


Underfull \hbox (badness 10000) in paragraph at lines 6--7

 []

) [2] (main.toc [3

] [4] [5])
\tf@toc=\write3
 [6] (main.lof
Overfull \hbox (3.151pt too wide) in paragraph at lines 20--20
 [][] []\OT1/cmr/m/n/12 Pruhovy kvan-ti-lovy dia-gram so 4 pruhmi a extremam
i. Median je zvyrazneny 
 []

LaTeX Font Info:    Try loading font information for U+eus on input line 21.
(C:\miktex\tex\latex\amsfonts\ueus.fd
File: ueus.fd 2013/01/14 v3.01 Euler Script
) [7

]
LaTeX Font Info:    Try loading font information for OT1+zi4 on input line 30.

(C:\miktex\tex\latex\inconsolata\ot1zi4.fd
File: ot1zi4.fd 2014/06/22 OT1/zi4 (Inconsolata)
))
\tf@lof=\write4
 (main.lot)
\tf@lot=\write5
 (skratky.tex [8]
Overfull \hbox (1.20375pt too wide) in paragraph at lines 12--53
\OT1/cmr/m/n/12 ECMWF 
 []

) [9] (01intro.tex) (02verification.tex [1

]
Kapitola 1.
[2

] [3] [4] [5]
Overfull \hbox (5.06073pt too wide) in paragraph at lines 76--77
\OT1/cmr/m/n/12 metodu \OT1/cmr/m/it/12 najblizs su-sed \OT1/cmr/m/n/12 (\
OT1/cmr/m/it/12 Ne-arest Ne-igh-bour\OT1/cmr/m/n/12 ) a Grid-to-Point \OT1/cmr/
m/it/12 bi-linearnu in-ter-polacnu metodu\OT1/cmr/m/n/12 . 
 []

<PointtoGrid.jpg, id=80, 669.50125pt x 556.0775pt>
File: PointtoGrid.jpg Graphic file (type jpg)
 <use PointtoGrid.jpg>
Package pdftex.def Info: PointtoGrid.jpg used on input line 83.
(pdftex.def)             Requested size: 180.67499pt x 150.06656pt.

<GridToPoint.jpg, id=81, 669.50125pt x 556.0775pt>
File: GridToPoint.jpg Graphic file (type jpg)
 <use GridToPoint.jpg>
Package pdftex.def Info: GridToPoint.jpg used on input line 84.
(pdftex.def)             Requested size: 180.67499pt x 150.06656pt.

Underfull \hbox (badness 10000) in paragraph at lines 99--100

 []

[6]
Overfull \hbox (9.24864pt too wide) in paragraph at lines 107--108
[]\OT1/cmr/m/n/12 V nasej praci riesime ve-ri-fikaciu spo-jitych pre-menn
ych, ktora zvycajne vyuzva statisticke
 []

[7 <./PointtoGrid.jpg> <./GridToPoint.jpg>] [8]
Overfull \hbox (6.98894pt too wide) in paragraph at lines 164--167
\OT1/cmr/m/n/12 mozno vy-jad-rit[] l[]ubovol[]nu zo spo-me-nutych statistic
kych metod. Taketo vy-jad-re-nie umoznuje
 []

[9] [10]) (03prevSoft.tex [11]
Kapitola 2.
[12

]
Overfull \hbox (5.63728pt too wide) in paragraph at lines 28--32
\OT1/cmr/m/it/12 MATLAB \OT1/cmr/m/n/12 je in-te-raktvne pro-stre-die s vlast
nym prog-ra-mo-vacm ja-zy-kom, ktory je vyuzvany
 []

[13]
Overfull \hbox (10.17029pt too wide) in paragraph at lines 39--40
\OT1/cmr/m/n/12 uznavanym a casto pouzvanym ja-zy-kom. Ked[]ze je vel[]
ka po-dob-nost[] v pouzvanych metodach
 []

[14]
Overfull \hbox (19.64224pt too wide) in paragraph at lines 44--45
[]\OT1/cmr/m/n/12 Metody pre ve-ri-fikaciu prav-de-po-dob-nosti zrazok ($\O
T1/zi4/m/n/12 http : / / www . cawcr . gov . au / projects /$
 []


Overfull \hbox (4.53145pt too wide) in paragraph at lines 48--49
\OT1/cmr/m/n/12 IDL na pouzvanie pozaduje tak-tiez zskanie pla-te-nej li
-cen-cie, co ob-me-dzuje pocet uzvatel[]ov
 []

[15] [16]
Overfull \hbox (19.48454pt too wide) in paragraph at lines 92--104
 [][] 
 []

) (04prevVis.tex [17] [18]
Kapitola 3.
[19

]
Overfull \hbox (8.37859pt too wide) in paragraph at lines 19--20
\OT1/cmr/m/n/12 prkladom je [], ktory sa nazyva median. []Dalsmi bezne
jsie pouzvanymi su [],
 []

<scattervsqq.pdf, id=131, 765.35184pt x 275.41086pt>
File: scattervsqq.pdf Graphic file (type pdf)
 <use scattervsqq.pdf>
Package pdftex.def Info: scattervsqq.pdf used on input line 28.
(pdftex.def)             Requested size: 397.48499pt x 143.03375pt.

[20] [21 <./scattervsqq.pdf>]
Underfull \hbox (badness 10000) in paragraph at lines 56--58

 []

[22] <boxplot.pdf, id=174, 230.8625pt x 200.75pt>
File: boxplot.pdf Graphic file (type pdf)
 <use boxplot.pdf>
Package pdftex.def Info: boxplot.pdf used on input line 67.
(pdftex.def)             Requested size: 252.94499pt x 219.95265pt.
 [23 <./boxplot.pdf>] <histogram.pdf, id=223, 371.3875pt x 341.275pt>
File: histogram.pdf Graphic file (type pdf)
 <use histogram.pdf>
Package pdftex.def Info: histogram.pdf used on input line 130.
(pdftex.def)             Requested size: 180.67499pt x 166.02849pt.

[24] <binsizehistogram.pdf, id=227, 220.825pt x 281.05pt>
File: binsizehistogram.pdf Graphic file (type pdf)

<use binsizehistogram.pdf>
Package pdftex.def Info: binsizehistogram.pdf used on input line 145.
(pdftex.def)             Requested size: 267.39877pt x 340.3417pt.
 [25 <./histogram.pdf>] [26 <./binsizehistogram.pdf>] <linegraph.pdf, id=294, 7
02.625pt x 552.0625pt>
File: linegraph.pdf Graphic file (type pdf)
 <use linegraph.pdf>
Package pdftex.def Info: linegraph.pdf used on input line 169.
(pdftex.def)             Requested size: 216.8037pt x 108.40567pt.
 [27]
[28 <./linegraph.pdf>] <taylortriangle.pdf, id=323, 250.9375pt x 170.6375pt>
File: taylortriangle.pdf Graphic file (type pdf)

<use taylortriangle.pdf>
Package pdftex.def Info: taylortriangle.pdf used on input line 195.
(pdftex.def)             Requested size: 202.35622pt x 137.60893pt.

Overfull \hbox (8.97058pt too wide) in paragraph at lines 207--209
\OT1/cmr/m/n/12 nachadza v najnizsej urovni grafu, kde je ko-relacia rovn
a jed-nej. Vzdia-le-nost[] od pociatocneho
 []

[29 <./taylortriangle.pdf>]
<taylordiagram.pdf, id=363, 451.6376pt x 451.08942pt>
File: taylordiagram.pdf Graphic file (type pdf)
 <use taylordiagram.pdf>
Package pdftex.def Info: taylordiagram.pdf used on input line 212.
(pdftex.def)             Requested size: 252.94499pt x 252.64276pt.

[30 <./taylordiagram.pdf>]) (05design.tex [31]
Kapitola 4.

Underfull \hbox (badness 10000) in paragraph at lines 8--9

 []

[32

]
Overfull \hbox (0.15575pt too wide) in paragraph at lines 23--24
\OT1/cmr/m/n/12 cas aj ako cyk-licky, ked[]ze mame ne-ustale opa-kujuce s
a ele-menty, teda nase dvojdnove
 []


Overfull \hbox (8.84805pt too wide) in paragraph at lines 27--28
[]\OT1/cmr/m/it/12 Determinovanost[] \OT1/cmr/m/n/12 (\OT1/cmr/bx/n/12 determin
ovany\OT1/cmr/m/n/12 /nedeterminovany): Nase data ne-pos-ky-tuju ziadnu
 []

[33]
Overfull \hbox (14.12868pt too wide) in paragraph at lines 45--46
[] []\OT1/cmr/bx/it/12 Ro-bust-nost[][] \OT1/cmr/m/n/12 je po-jem ho-vo-riaci o
 odol-nosti vi-zu-alizacie voci chybnym, vel[]kym, r^oznorodym
 []


Overfull \hbox (13.63998pt too wide) in paragraph at lines 45--46
\OT1/cmr/m/n/12 zvycajne z optickych iluzi. Prkladom m^oze byt[] vnma
nie per-spektvy, kon-textualne vnmanie
 []

[34] [35] [36]
Overfull \hbox (12.5203pt too wide) in paragraph at lines 114--115
[]\OT1/cmr/m/n/12 Statistiky ve-ri-fikacie su data v casovych ra-doch. V s
ek-cii 3.4[] sme uviedli, ze bezne pouzvanym
 []


Overfull \hbox (2.77727pt too wide) in paragraph at lines 114--115
\OT1/cmr/m/n/12 jedneho druhu statistk pre danu pre-mennu pocas skuman
eho in-ter-valu a druhym pohl[]adom
 []

[37]
Overfull \hbox (3.14964pt too wide) in paragraph at lines 122--123
[]\OT1/cmr/m/n/12 V nasej ap-likacii sa tento sp^osob vi-zu-alizacie pouzil
 v dvoch prpadoch. Prvym prpadom
 []

<colormap.pdf, id=404, 1017.07089pt x 246.1775pt>
File: colormap.pdf Graphic file (type pdf)
 <use colormap.pdf>
Package pdftex.def Info: colormap.pdf used on input line 127.
(pdftex.def)             Requested size: 505.8804pt x 158.9955pt.

Overfull \hbox (18.16536pt too wide) in paragraph at lines 126--128
 []|  [] 
 []

[38 <./colormap.pdf>] <multilinegraph.pdf, id=422, 542.025pt x 230.8625pt>
File: multilinegraph.pdf Graphic file (type pdf)

<use multilinegraph.pdf>
Package pdftex.def Info: multilinegraph.pdf used on input line 146.
(pdftex.def)             Requested size: 361.34999pt x 153.91264pt.
 [39 <./multilinegraph.pdf>] [40] [41]
<twotone.png, id=553, 291.708pt x 158.994pt>
File: twotone.png Graphic file (type png)
 <use twotone.png>
Package pdftex.def Info: twotone.png used on input line 199.
(pdftex.def)             Requested size: 252.94499pt x 137.86755pt.
 [42 <./twotone.png>] <densitycompare.png, id=557, 775.09575pt x 150.5625pt>
File: densitycompare.png Graphic file (type png)

<use densitycompare.png>
Package pdftex.def Info: densitycompare.png used on input line 210.
(pdftex.def)             Requested size: 542.025pt x 105.29193pt.

Overfull \hbox (29.01501pt too wide) in paragraph at lines 209--211
 []|  [] 
 []

[43 <./densitycompare.png>] <stripe.png, id=563, 1125.20375pt x 330.23375pt>
File: stripe.png Graphic file (type png)

<use stripe.png>
Package pdftex.def Info: stripe.png used on input line 241.
(pdftex.def)             Requested size: 361.34999pt x 106.04984pt.
 [44 <./stripe.png (PNG copy)>]
Overfull \hbox (10.94714pt too wide) in paragraph at lines 255--256
[]\OT1/cmr/m/n/12 Ako sme spo-me-nuli v casti 3.2[], kla-sicky kra-bi-covy d
ia-gram po-tre-buje na svoju konstrukciu
 []


Overfull \hbox (1.77074pt too wide) in paragraph at lines 258--261
\OT1/cmr/m/n/12 Pasmo $\U/eus/m/n/12 B$ \OT1/cmr/m/n/12 (po-zri obrazok 4.6[]
) je teda mnozina vsetkych bo-dov exis-tujucich me-dzi extremami
 []


Package amsmath Warning: Foreign command \atopwithdelims;
(amsmath)                \frac or \genfrac should be used instead
(amsmath)                 on input line 262.

[45] [46] <band.pdf, id=573, 226.1323pt x 197.28076pt>
File: band.pdf Graphic file (type pdf)
 <use band.pdf>
Package pdftex.def Info: band.pdf used on input line 302.
(pdftex.def)             Requested size: 216.81pt x 189.15257pt.
 [47 <./band.pdf>] <functionalboxplot.pdf, id=595, 552.21106pt x 189.81013pt>
File: functionalboxplot.pdf Graphic file (type pdf)

<use functionalboxplot.pdf>
Package pdftex.def Info: functionalboxplot.pdf used on input line 326.
(pdftex.def)             Requested size: 542.025pt x 186.31386pt.

Overfull \hbox (21.78867pt too wide) in paragraph at lines 325--327
 []|  [] 
 []

[48] <distributionmap.png, id=599, 1042.49475pt x 466.74374pt>
File: distributionmap.png Graphic file (type png)

<use distributionmap.png>
Package pdftex.def Info: distributionmap.png used on input line 352.
(pdftex.def)             Requested size: 397.48499pt x 177.9627pt.
 [49 <./functionalboxplot.pdf>]
Overfull \hbox (5.1701pt too wide) in paragraph at lines 367--368
[]\OT1/cmr/m/n/12 Tychto nie-kol[]ko zavaznych d^ovodov nas pre-svedcilo 
zvo-lit[] inu fa-rebnu pa-letu. Konkretne
 []

[50 <./distributionmap.png>]
<colorpalettes.pdf, id=644, 476.57773pt x 85.95735pt>
File: colorpalettes.pdf Graphic file (type pdf)
 <use colorpalettes.pdf>
Package pdftex.def Info: colorpalettes.pdf used on input line 374.
(pdftex.def)             Requested size: 361.34999pt x 65.1761pt.

[51 <./colorpalettes.pdf>]
<designicons.pdf, id=671, 1154.3125pt x 800.42336pt>
File: designicons.pdf Graphic file (type pdf)
 <use designicons.pdf>
Package pdftex.def Info: designicons.pdf used on input line 405.
(pdftex.def)             Requested size: 325.215pt x 225.50934pt.

[52] <multilevellayout.pdf, id=675, 1023.825pt x 983.675pt>
File: multilevellayout.pdf Graphic file (type pdf)

<use multilevellayout.pdf>
Package pdftex.def Info: multilevellayout.pdf used on input line 429.
(pdftex.def)             Requested size: 252.94499pt x 243.02129pt.
 [53 <./designicons.pdf>]
<flatlayout.pdf, id=722, 732.7375pt x 742.775pt>
File: flatlayout.pdf Graphic file (type pdf)
 <use flatlayout.pdf>
Package pdftex.def Info: flatlayout.pdf used on input line 446.
(pdftex.def)             Requested size: 216.81pt x 219.77408pt.
)
(06implementation.tex
Overfull \hbox (1.95625pt too wide) in paragraph at lines 451--1
\OT1/cmr/m/n/12 hlavnu cast[] ob-ra-zovky vi-zu-alizacie, preto sme sa snaz
ili os-tatne prvky roz-miest-nit[] odvjajuc
 []

[54 <./multilevellayout.pdf>] [55 <./flatlayout.pdf>]
Kapitola 5.
[56

] <system.pdf, id=806, 652.4375pt x 381.425pt>
File: system.pdf Graphic file (type pdf)
 <use system.pdf>
Package pdftex.def Info: system.pdf used on input line 16.
(pdftex.def)             Requested size: 361.34999pt x 211.25687pt.

<pipeline.png, id=807, 524.71031pt x 163.3603pt>
File: pipeline.png Graphic file (type png)
 <use pipeline.png>
Package pdftex.def Info: pipeline.png used on input line 27.
(pdftex.def)             Requested size: 433.62pt x 135.00572pt.
 [57 <./system.pdf>] [58 <./pipeline.png>] [59]
Overfull \hbox (10.44656pt too wide) in paragraph at lines 56--57
[]\OT1/cmr/m/n/12 Pri navrhu tried na zskavanie pred-po-ved a po-zo-ro-van
 sme sa snazili, aby bolo uzvatel[]ovi
 []

<dataextractor.pdf, id=851, 371.3875pt x 138.5175pt>
File: dataextractor.pdf Graphic file (type pdf)
 <use dataextractor.pdf>
Package pdftex.def Info: dataextractor.pdf used on input line 70.
(pdftex.def)             Requested size: 433.62pt x 161.73297pt.

[60] [61 <./dataextractor.pdf>] <stats.pdf, id=874, 376.65909pt x 138.55391pt>
File: stats.pdf Graphic file (type pdf)

<use stats.pdf>
Package pdftex.def Info: stats.pdf used on input line 85.
(pdftex.def)             Requested size: 361.34999pt x 132.92143pt.
 [62 <./stats.pdf>]
<tree.pdf, id=1030, 732.97086pt x 226.57588pt>
File: tree.pdf Graphic file (type pdf)
 <use tree.pdf>
Package pdftex.def Info: tree.pdf used on input line 116.
(pdftex.def)             Requested size: 433.62pt x 134.03816pt.
) (07results.tex
[63 <./tree.pdf>]
Kapitola 6.
[64

]
Overfull \hbox (5.45728pt too wide) in paragraph at lines 41--42
[]\OT1/cmr/m/n/12 Dlhe trva-nie ulohy 2 pri-su-dzu-jeme vyssej zlozitosti 
ulohy oproti os-tatnym. Pre uzvatel[]ov
 []


Overfull \hbox (16.6001pt too wide) in paragraph at lines 45--46
[]\OT1/cmr/m/n/12 Vysledky nasho tes-to-va-nia povazujeme cel-kovo za uspo-
ko-jive, ked[]ze aj neskusen uzvatelia
 []

<resultchart.pdf, id=1045, 541.82423pt x 384.23549pt>
File: resultchart.pdf Graphic file (type pdf)
 <use resultchart.pdf>
Package pdftex.def Info: resultchart.pdf used on input line 49.
(pdftex.def)             Requested size: 361.34999pt x 256.25212pt.
)
(08conclusion.tex [65] [66 <./resultchart.pdf>]
Overfull \hbox (1.8112pt too wide) in paragraph at lines 4--5
\OT1/cmr/m/n/12 statisticke metody na me-ra-nie chyby pred-po-vede a na-vrhl
i sme sp^osob vseobecneho vypoctu
 []

[67

]) (attachments.tex [68]
Dodatok A.
<gui.png, id=1080, 1274.7625pt x 893.3375pt>
File: gui.png Graphic file (type png)
 <use gui.png>
Package pdftex.def Info: gui.png used on input line 7.
(pdftex.def)             Requested size: 505.89pt x 354.52063pt.

Overfull \hbox (29.01501pt too wide) in paragraph at lines 6--9
|  []
 []


Underfull \hbox (badness 10000) in paragraph at lines 6--9

 []

<testform.pdf, id=1081, 597.23125pt x 845.1575pt>
File: testform.pdf Graphic file (type pdf)
 <use testform.pdf>
Package pdftex.def Info: testform.pdf used on input line 14.
(pdftex.def)             Requested size: 597.0384pt x 780.01749pt.

Overfull \hbox (69.57465pt too wide) in paragraph at lines 13--17
|  []
 []


Underfull \hbox (badness 10000) in paragraph at lines 13--17

 []

[69

 <./gui.png (PNG copy)>]
Overfull \vbox (194.94461pt too high) has occurred while \output is active []


[70 <./testform.pdf>]) (main.bbl [71] [72

] [73] [74] [75] [76] [77] [78])
[79] (main.aux) ) 
Here is how much of TeX's memory you used:
 11989 strings out of 493698
 157797 string characters out of 3151686
 259335 words of memory out of 3000000
 15014 multiletter control sequences out of 15000+200000
 23704 words of font info for 90 fonts, out of 3000000 for 9000
 1025 hyphenation exceptions out of 8191
 44i,19n,47p,1368b,1204s stack positions out of 5000i,500n,10000p,200000b,50000s
 <C:\Users\marekru\AppData\Local\MiKTeX\2.9\fonts\pk\ljfour\jk
nappen\ec\dpi600\tcrm1200.pk>{C:/miktex/fonts/enc/dvips/inconsolata/i4-ot1-0.en
c}<C:/miktex/fonts/type1/public/inconsolata/Inconsolata-zi4r.pfb><C:/miktex/fon
ts/type1/public/amsfonts/cm/cmbx10.pfb><C:/miktex/fonts/type1/public/amsfonts/c
m/cmbx12.pfb><C:/miktex/fonts/type1/public/amsfonts/cm/cmbxti10.pfb><C:/miktex/
fonts/type1/public/amsfonts/cm/cmcsc10.pfb><C:/miktex/fonts/type1/public/amsfon
ts/cm/cmex10.pfb><C:/miktex/fonts/type1/public/amsfonts/cm/cmmi12.pfb><C:/mikte
x/fonts/type1/public/amsfonts/cm/cmmi6.pfb><C:/miktex/fonts/type1/public/amsfon
ts/cm/cmmi8.pfb><C:/miktex/fonts/type1/public/amsfonts/cm/cmr10.pfb><C:/miktex/
fonts/type1/public/amsfonts/cm/cmr12.pfb><C:/miktex/fonts/type1/public/amsfonts
/cm/cmr6.pfb><C:/miktex/fonts/type1/public/amsfonts/cm/cmr7.pfb><C:/miktex/font
s/type1/public/amsfonts/cm/cmr8.pfb><C:/miktex/fonts/type1/public/amsfonts/cm/c
msy10.pfb><C:/miktex/fonts/type1/public/amsfonts/cm/cmsy8.pfb><C:/miktex/fonts/
type1/public/amsfonts/cm/cmti10.pfb><C:/miktex/fonts/type1/public/amsfonts/cm/c
mti12.pfb><C:/miktex/fonts/type1/public/amsfonts/euler/eusm10.pfb><C:/miktex/fo
nts/type1/public/amsfonts/symbols/msbm10.pfb>
Output written on main.pdf (93 pages, 4563660 bytes).
PDF statistics:
 1206 PDF objects out of 1440 (max. 8388607)
 0 named destinations out of 1000 (max. 500000)
 156 words of extra memory for PDF output out of 10000 (max. 10000000)

